<?xml version="1.0" encoding="UTF-8"?>
<testsuite xmlns:xsi="http://www.w3.org/2001/XMLSchema-instance" xsi:noNamespaceSchemaLocation="https://maven.apache.org/surefire/maven-surefire-plugin/xsd/surefire-test-report-3.0.xsd" version="3.0" name="testRunners.FullRegressionTestRunner" time="38.238" tests="2" errors="0" skipped="0" failures="0">
  <properties>
    <property name="sun.desktop" value="windows"/>
    <property name="awt.toolkit" value="sun.awt.windows.WToolkit"/>
    <property name="file.encoding.pkg" value="sun.io"/>
    <property name="java.specification.version" value="1.8"/>
    <property name="sun.cpu.isalist" value="amd64"/>
    <property name="sun.jnu.encoding" value="Cp1252"/>
    <property name="java.class.path" value="E:\Ashok\01 Testing eMentor\03 Programs\01 Courses\Testing Tools Training\Selenium Code Regular Backup\FRAMEWORKS\Cukes\ZooplaCucumberFrameworkNewV4\target\test-classes;E:\Ashok\01 Testing eMentor\03 Programs\01 Courses\Testing Tools Training\Selenium Code Regular Backup\FRAMEWORKS\Cukes\ZooplaCucumberFrameworkNewV4\target\classes;C:\Users\ash\.m2\repository\io\cucumber\cucumber-junit\4.1.0\cucumber-junit-4.1.0.jar;C:\Users\ash\.m2\repository\io\cucumber\cucumber-core\4.1.0\cucumber-core-4.1.0.jar;C:\Users\ash\.m2\repository\io\cucumber\cucumber-html\0.2.7\cucumber-html-0.2.7.jar;C:\Users\ash\.m2\repository\io\cucumber\tag-expressions\1.1.1\tag-expressions-1.1.1.jar;C:\Users\ash\.m2\repository\io\cucumber\cucumber-expressions\6.1.1\cucumber-expressions-6.1.1.jar;C:\Users\ash\.m2\repository\io\cucumber\datatable\1.1.3\datatable-1.1.3.jar;C:\Users\ash\.m2\repository\io\cucumber\datatable-dependencies\1.1.3\datatable-dependencies-1.1.3.jar;C:\Users\ash\.m2\repository\junit\junit\4.12\junit-4.12.jar;C:\Users\ash\.m2\repository\org\hamcrest\hamcrest-core\1.3\hamcrest-core-1.3.jar;C:\Users\ash\.m2\repository\io\cucumber\cucumber-java\4.1.0\cucumber-java-4.1.0.jar;C:\Users\ash\.m2\repository\io\cucumber\cucumber-picocontainer\4.1.0\cucumber-picocontainer-4.1.0.jar;C:\Users\ash\.m2\repository\org\picocontainer\picocontainer\2.15\picocontainer-2.15.jar;C:\Users\ash\.m2\repository\io\cucumber\gherkin\5.1.0\gherkin-5.1.0.jar;C:\Users\ash\.m2\repository\io\cucumber\gherkin-jvm-deps\1.0.4\gherkin-jvm-deps-1.0.4.jar;C:\Users\ash\.m2\repository\org\seleniumhq\selenium\selenium-java\3.11.0\selenium-java-3.11.0.jar;C:\Users\ash\.m2\repository\org\seleniumhq\selenium\selenium-api\3.11.0\selenium-api-3.11.0.jar;C:\Users\ash\.m2\repository\org\seleniumhq\selenium\selenium-chrome-driver\3.11.0\selenium-chrome-driver-3.11.0.jar;C:\Users\ash\.m2\repository\org\seleniumhq\selenium\selenium-edge-driver\3.11.0\selenium-edge-driver-3.11.0.jar;C:\Users\ash\.m2\repository\org\seleniumhq\selenium\selenium-firefox-driver\3.11.0\selenium-firefox-driver-3.11.0.jar;C:\Users\ash\.m2\repository\org\seleniumhq\selenium\selenium-ie-driver\3.11.0\selenium-ie-driver-3.11.0.jar;C:\Users\ash\.m2\repository\org\seleniumhq\selenium\selenium-opera-driver\3.11.0\selenium-opera-driver-3.11.0.jar;C:\Users\ash\.m2\repository\org\seleniumhq\selenium\selenium-remote-driver\3.11.0\selenium-remote-driver-3.11.0.jar;C:\Users\ash\.m2\repository\org\seleniumhq\selenium\selenium-safari-driver\3.11.0\selenium-safari-driver-3.11.0.jar;C:\Users\ash\.m2\repository\org\seleniumhq\selenium\selenium-support\3.11.0\selenium-support-3.11.0.jar;C:\Users\ash\.m2\repository\net\bytebuddy\byte-buddy\1.7.9\byte-buddy-1.7.9.jar;C:\Users\ash\.m2\repository\org\apache\commons\commons-exec\1.3\commons-exec-1.3.jar;C:\Users\ash\.m2\repository\commons-codec\commons-codec\1.10\commons-codec-1.10.jar;C:\Users\ash\.m2\repository\commons-logging\commons-logging\1.2\commons-logging-1.2.jar;C:\Users\ash\.m2\repository\org\apache\httpcomponents\httpclient\4.5.3\httpclient-4.5.3.jar;C:\Users\ash\.m2\repository\org\apache\httpcomponents\httpcore\4.4.6\httpcore-4.4.6.jar;C:\Users\ash\.m2\repository\com\squareup\okhttp3\okhttp\3.9.1\okhttp-3.9.1.jar;C:\Users\ash\.m2\repository\com\squareup\okio\okio\1.13.0\okio-1.13.0.jar;C:\Users\ash\.m2\repository\com\google\guava\guava\25.1-jre\guava-25.1-jre.jar;C:\Users\ash\.m2\repository\com\google\code\findbugs\jsr305\3.0.2\jsr305-3.0.2.jar;C:\Users\ash\.m2\repository\org\checkerframework\checker-qual\2.0.0\checker-qual-2.0.0.jar;C:\Users\ash\.m2\repository\com\google\errorprone\error_prone_annotations\2.1.3\error_prone_annotations-2.1.3.jar;C:\Users\ash\.m2\repository\com\google\j2objc\j2objc-annotations\1.1\j2objc-annotations-1.1.jar;C:\Users\ash\.m2\repository\org\codehaus\mojo\animal-sniffer-annotations\1.14\animal-sniffer-annotations-1.14.jar;C:\Users\ash\.m2\repository\com\google\code\gson\gson\2.8.0\gson-2.8.0.jar;C:\Users\ash\.m2\repository\log4j\log4j\1.2.17\log4j-1.2.17.jar;C:\Users\ash\.m2\repository\org\slf4j\slf4j-api\1.7.7\slf4j-api-1.7.7.jar;"/>
    <property name="java.vm.vendor" value="Oracle Corporation"/>
    <property name="sun.arch.data.model" value="64"/>
    <property name="user.variant" value=""/>
    <property name="java.vendor.url" value="http://java.oracle.com/"/>
    <property name="user.timezone" value="Europe/London"/>
    <property name="java.vm.specification.version" value="1.8"/>
    <property name="os.name" value="Windows 8.1"/>
    <property name="user.country" value="GB"/>
    <property name="sun.java.launcher" value="SUN_STANDARD"/>
    <property name="sun.boot.library.path" value="C:\Program Files\Java\jdk1.8.0_91\jre\bin"/>
    <property name="sun.java.command" value="C:\Users\ash\AppData\Local\Temp\surefire8239157750296963459\surefirebooter1223461218919322641.jar C:\Users\ash\AppData\Local\Temp\surefire8239157750296963459 2020-02-17T11-32-01_517-jvmRun1 surefire9154536552125270989tmp surefire_06282741959579883604tmp"/>
    <property name="surefire.test.class.path" value="E:\Ashok\01 Testing eMentor\03 Programs\01 Courses\Testing Tools Training\Selenium Code Regular Backup\FRAMEWORKS\Cukes\ZooplaCucumberFrameworkNewV4\target\test-classes;E:\Ashok\01 Testing eMentor\03 Programs\01 Courses\Testing Tools Training\Selenium Code Regular Backup\FRAMEWORKS\Cukes\ZooplaCucumberFrameworkNewV4\target\classes;C:\Users\ash\.m2\repository\io\cucumber\cucumber-junit\4.1.0\cucumber-junit-4.1.0.jar;C:\Users\ash\.m2\repository\io\cucumber\cucumber-core\4.1.0\cucumber-core-4.1.0.jar;C:\Users\ash\.m2\repository\io\cucumber\cucumber-html\0.2.7\cucumber-html-0.2.7.jar;C:\Users\ash\.m2\repository\io\cucumber\tag-expressions\1.1.1\tag-expressions-1.1.1.jar;C:\Users\ash\.m2\repository\io\cucumber\cucumber-expressions\6.1.1\cucumber-expressions-6.1.1.jar;C:\Users\ash\.m2\repository\io\cucumber\datatable\1.1.3\datatable-1.1.3.jar;C:\Users\ash\.m2\repository\io\cucumber\datatable-dependencies\1.1.3\datatable-dependencies-1.1.3.jar;C:\Users\ash\.m2\repository\junit\junit\4.12\junit-4.12.jar;C:\Users\ash\.m2\repository\org\hamcrest\hamcrest-core\1.3\hamcrest-core-1.3.jar;C:\Users\ash\.m2\repository\io\cucumber\cucumber-java\4.1.0\cucumber-java-4.1.0.jar;C:\Users\ash\.m2\repository\io\cucumber\cucumber-picocontainer\4.1.0\cucumber-picocontainer-4.1.0.jar;C:\Users\ash\.m2\repository\org\picocontainer\picocontainer\2.15\picocontainer-2.15.jar;C:\Users\ash\.m2\repository\io\cucumber\gherkin\5.1.0\gherkin-5.1.0.jar;C:\Users\ash\.m2\repository\io\cucumber\gherkin-jvm-deps\1.0.4\gherkin-jvm-deps-1.0.4.jar;C:\Users\ash\.m2\repository\org\seleniumhq\selenium\selenium-java\3.11.0\selenium-java-3.11.0.jar;C:\Users\ash\.m2\repository\org\seleniumhq\selenium\selenium-api\3.11.0\selenium-api-3.11.0.jar;C:\Users\ash\.m2\repository\org\seleniumhq\selenium\selenium-chrome-driver\3.11.0\selenium-chrome-driver-3.11.0.jar;C:\Users\ash\.m2\repository\org\seleniumhq\selenium\selenium-edge-driver\3.11.0\selenium-edge-driver-3.11.0.jar;C:\Users\ash\.m2\repository\org\seleniumhq\selenium\selenium-firefox-driver\3.11.0\selenium-firefox-driver-3.11.0.jar;C:\Users\ash\.m2\repository\org\seleniumhq\selenium\selenium-ie-driver\3.11.0\selenium-ie-driver-3.11.0.jar;C:\Users\ash\.m2\repository\org\seleniumhq\selenium\selenium-opera-driver\3.11.0\selenium-opera-driver-3.11.0.jar;C:\Users\ash\.m2\repository\org\seleniumhq\selenium\selenium-remote-driver\3.11.0\selenium-remote-driver-3.11.0.jar;C:\Users\ash\.m2\repository\org\seleniumhq\selenium\selenium-safari-driver\3.11.0\selenium-safari-driver-3.11.0.jar;C:\Users\ash\.m2\repository\org\seleniumhq\selenium\selenium-support\3.11.0\selenium-support-3.11.0.jar;C:\Users\ash\.m2\repository\net\bytebuddy\byte-buddy\1.7.9\byte-buddy-1.7.9.jar;C:\Users\ash\.m2\repository\org\apache\commons\commons-exec\1.3\commons-exec-1.3.jar;C:\Users\ash\.m2\repository\commons-codec\commons-codec\1.10\commons-codec-1.10.jar;C:\Users\ash\.m2\repository\commons-logging\commons-logging\1.2\commons-logging-1.2.jar;C:\Users\ash\.m2\repository\org\apache\httpcomponents\httpclient\4.5.3\httpclient-4.5.3.jar;C:\Users\ash\.m2\repository\org\apache\httpcomponents\httpcore\4.4.6\httpcore-4.4.6.jar;C:\Users\ash\.m2\repository\com\squareup\okhttp3\okhttp\3.9.1\okhttp-3.9.1.jar;C:\Users\ash\.m2\repository\com\squareup\okio\okio\1.13.0\okio-1.13.0.jar;C:\Users\ash\.m2\repository\com\google\guava\guava\25.1-jre\guava-25.1-jre.jar;C:\Users\ash\.m2\repository\com\google\code\findbugs\jsr305\3.0.2\jsr305-3.0.2.jar;C:\Users\ash\.m2\repository\org\checkerframework\checker-qual\2.0.0\checker-qual-2.0.0.jar;C:\Users\ash\.m2\repository\com\google\errorprone\error_prone_annotations\2.1.3\error_prone_annotations-2.1.3.jar;C:\Users\ash\.m2\repository\com\google\j2objc\j2objc-annotations\1.1\j2objc-annotations-1.1.jar;C:\Users\ash\.m2\repository\org\codehaus\mojo\animal-sniffer-annotations\1.14\animal-sniffer-annotations-1.14.jar;C:\Users\ash\.m2\repository\com\google\code\gson\gson\2.8.0\gson-2.8.0.jar;C:\Users\ash\.m2\repository\log4j\log4j\1.2.17\log4j-1.2.17.jar;C:\Users\ash\.m2\repository\org\slf4j\slf4j-api\1.7.7\slf4j-api-1.7.7.jar;"/>
    <property name="sun.cpu.endian" value="little"/>
    <property name="user.home" value="C:\Users\ash"/>
    <property name="user.language" value="en"/>
    <property name="java.specification.vendor" value="Oracle Corporation"/>
    <property name="java.home" value="C:\Program Files\Java\jdk1.8.0_91\jre"/>
    <property name="basedir" value="E:\Ashok\01 Testing eMentor\03 Programs\01 Courses\Testing Tools Training\Selenium Code Regular Backup\FRAMEWORKS\Cukes\ZooplaCucumberFrameworkNewV4"/>
    <property name="file.separator" value="\"/>
    <property name="line.separator" value="&#10;"/>
    <property name="java.vm.specification.vendor" value="Oracle Corporation"/>
    <property name="java.specification.name" value="Java Platform API Specification"/>
    <property name="java.awt.graphicsenv" value="sun.awt.Win32GraphicsEnvironment"/>
    <property name="surefire.real.class.path" value="C:\Users\ash\AppData\Local\Temp\surefire8239157750296963459\surefirebooter1223461218919322641.jar"/>
    <property name="sun.boot.class.path" value="C:\Program Files\Java\jdk1.8.0_91\jre\lib\resources.jar;C:\Program Files\Java\jdk1.8.0_91\jre\lib\rt.jar;C:\Program Files\Java\jdk1.8.0_91\jre\lib\sunrsasign.jar;C:\Program Files\Java\jdk1.8.0_91\jre\lib\jsse.jar;C:\Program Files\Java\jdk1.8.0_91\jre\lib\jce.jar;C:\Program Files\Java\jdk1.8.0_91\jre\lib\charsets.jar;C:\Program Files\Java\jdk1.8.0_91\jre\lib\jfr.jar;C:\Program Files\Java\jdk1.8.0_91\jre\classes"/>
    <property name="user.script" value=""/>
    <property name="sun.management.compiler" value="HotSpot 64-Bit Tiered Compilers"/>
    <property name="java.runtime.version" value="1.8.0_91-b14"/>
    <property name="user.name" value="ash"/>
    <property name="path.separator" value=";"/>
    <property name="os.version" value="6.3"/>
    <property name="java.endorsed.dirs" value="C:\Program Files\Java\jdk1.8.0_91\jre\lib\endorsed"/>
    <property name="java.runtime.name" value="Java(TM) SE Runtime Environment"/>
    <property name="file.encoding" value="Cp1252"/>
    <property name="java.vm.name" value="Java HotSpot(TM) 64-Bit Server VM"/>
    <property name="localRepository" value="C:\Users\ash\.m2\repository"/>
    <property name="java.vendor.url.bug" value="http://bugreport.sun.com/bugreport/"/>
    <property name="java.io.tmpdir" value="C:\Users\ash\AppData\Local\Temp\"/>
    <property name="java.version" value="1.8.0_91"/>
    <property name="user.dir" value="E:\Ashok\01 Testing eMentor\03 Programs\01 Courses\Testing Tools Training\Selenium Code Regular Backup\FRAMEWORKS\Cukes\ZooplaCucumberFrameworkNewV4"/>
    <property name="os.arch" value="amd64"/>
    <property name="java.vm.specification.name" value="Java Virtual Machine Specification"/>
    <property name="java.awt.printerjob" value="sun.awt.windows.WPrinterJob"/>
    <property name="sun.os.patch.level" value=""/>
    <property name="java.library.path" value="C:\Program Files\Java\jdk1.8.0_91\jre\bin;C:\Windows\Sun\Java\bin;C:\Windows\system32;C:\Windows;C:/Program Files/Java/jre1.8.0_91/bin/server;C:/Program Files/Java/jre1.8.0_91/bin;C:/Program Files/Java/jre1.8.0_91/lib/amd64;E:\app\aditi\product\12.1.0\dbhome_1\bin;C:\ProgramData\Oracle\Java\javapath;C:\Program Files (x86)\Intel\iCLS Client\;C:\Program Files\Intel\iCLS Client\;C:\Windows\system32;C:\Windows;C:\Windows\System32\Wbem;C:\Windows\System32\WindowsPowerShell\v1.0\;C:\Program Files\Intel\Intel(R) Management Engine Components\DAL;C:\Program Files (x86)\Intel\Intel(R) Management Engine Components\DAL;C:\Program Files\Intel\Intel(R) Management Engine Components\IPT;C:\Program Files (x86)\Intel\Intel(R) Management Engine Components\IPT;C:\Program Files\Intel\WiFi\bin\;C:\Program Files\Common Files\Intel\WirelessCommon\;C:\Appium\apache-maven-3.3.9\bin;C:\Program Files\Java\jdk1.8.0_91\bin;C:\apache-ant-1.9.6-bin\bin;C:\apache-maven-3.3.9-bin\bin;C:\Program Files\Git\cmd;C:\Users\Ashok\AppData\Local\Android\sdk\platform-tools;C:\Users\Ashok\AppData\Local\Android\sdk\tools;C:\Program Files (x86)\nodejs\;C:\Program Files (x86)\Calibre2\;E:\Ashok\01 Testing eMentor\05 Tools\Selenium\eclipse-java-neon-R-win32-x86_64\eclipse;;."/>
    <property name="java.vm.info" value="mixed mode"/>
    <property name="java.vendor" value="Oracle Corporation"/>
    <property name="java.vm.version" value="25.91-b14"/>
    <property name="java.ext.dirs" value="C:\Program Files\Java\jdk1.8.0_91\jre\lib\ext;C:\Windows\Sun\Java\lib\ext"/>
    <property name="sun.io.unicode.encoding" value="UnicodeLittle"/>
    <property name="java.class.version" value="52.0"/>
  </properties>
  <testcase name="Verify that the location in the header title on properties results page matches the location entered on search page" classname="For Sale Properties Results Header Title" time="26.528"/>
  <testcase name="Verify that the user can sign in successfully in to Zoopla" classname="Signin to Zoopla" time="10.974"/>
</testsuite>